mode: set
algorithm/maxSubArray/maxSubArray.go:5.34,6.19 1 1
algorithm/maxSubArray/maxSubArray.go:9.2,11.29 3 1
algorithm/maxSubArray/maxSubArray.go:18.2,19.23 2 1
algorithm/maxSubArray/maxSubArray.go:22.2,22.15 1 1
algorithm/maxSubArray/maxSubArray.go:6.19,8.3 1 0
algorithm/maxSubArray/maxSubArray.go:11.29,12.18 1 1
algorithm/maxSubArray/maxSubArray.go:12.18,14.4 1 1
algorithm/maxSubArray/maxSubArray.go:14.9,16.4 1 1
algorithm/maxSubArray/maxSubArray.go:19.23,21.3 1 1
algorithm/maxSubArray/maxSubArray.go:25.24,26.11 1 1
algorithm/maxSubArray/maxSubArray.go:29.2,29.10 1 1
algorithm/maxSubArray/maxSubArray.go:26.11,28.3 1 1
algorithm/maxSubArray/maxSubArray.go:32.13,36.2 3 0
