mode: set
algorithm/lengthOfLIS/lengthOfLIS.go:5.34,6.19 1 1
algorithm/lengthOfLIS/lengthOfLIS.go:9.2,11.29 3 1
algorithm/lengthOfLIS/lengthOfLIS.go:20.2,20.15 1 1
algorithm/lengthOfLIS/lengthOfLIS.go:6.19,8.3 1 0
algorithm/lengthOfLIS/lengthOfLIS.go:11.29,13.22 2 1
algorithm/lengthOfLIS/lengthOfLIS.go:18.3,18.30 1 1
algorithm/lengthOfLIS/lengthOfLIS.go:13.22,14.25 1 1
algorithm/lengthOfLIS/lengthOfLIS.go:14.25,16.5 1 1
algorithm/lengthOfLIS/lengthOfLIS.go:23.24,24.11 1 1
algorithm/lengthOfLIS/lengthOfLIS.go:27.2,27.10 1 1
algorithm/lengthOfLIS/lengthOfLIS.go:24.11,26.3 1 1
algorithm/lengthOfLIS/lengthOfLIS.go:30.13,34.2 3 0
