mode: set
F:\algorithm\spiralOrder\SpiralOrder.go:5.40,7.22 2 1
F:\algorithm\spiralOrder\SpiralOrder.go:10.2,12.34 3 1
F:\algorithm\spiralOrder\SpiralOrder.go:34.2,34.15 1 1
F:\algorithm\spiralOrder\SpiralOrder.go:7.22,9.3 1 0
F:\algorithm\spiralOrder\SpiralOrder.go:12.34,13.65 1 1
F:\algorithm\spiralOrder\SpiralOrder.go:16.3,18.62 3 1
F:\algorithm\spiralOrder\SpiralOrder.go:21.3,23.65 3 1
F:\algorithm\spiralOrder\SpiralOrder.go:26.3,28.62 3 1
F:\algorithm\spiralOrder\SpiralOrder.go:31.3,32.9 2 1
F:\algorithm\spiralOrder\SpiralOrder.go:13.65,15.4 1 1
F:\algorithm\spiralOrder\SpiralOrder.go:18.62,20.4 1 1
F:\algorithm\spiralOrder\SpiralOrder.go:23.65,25.4 1 1
F:\algorithm\spiralOrder\SpiralOrder.go:28.62,30.4 1 1
F:\algorithm\spiralOrder\SpiralOrder.go:37.44,39.2 1 1
F:\algorithm\spiralOrder\SpiralOrder.go:41.13,49.2 3 0
