mode: set
algorithm/minPathSum/minPathSum.go:5.35,6.19 1 1
algorithm/minPathSum/minPathSum.go:9.2,10.27 2 1
algorithm/minPathSum/minPathSum.go:14.2,15.29 2 1
algorithm/minPathSum/minPathSum.go:26.2,26.44 1 1
algorithm/minPathSum/minPathSum.go:6.19,8.3 1 0
algorithm/minPathSum/minPathSum.go:10.27,12.3 1 1
algorithm/minPathSum/minPathSum.go:15.29,16.33 1 1
algorithm/minPathSum/minPathSum.go:16.33,17.22 1 1
algorithm/minPathSum/minPathSum.go:17.22,19.5 1 1
algorithm/minPathSum/minPathSum.go:19.10,19.31 1 1
algorithm/minPathSum/minPathSum.go:19.31,21.5 1 1
algorithm/minPathSum/minPathSum.go:21.10,21.31 1 1
algorithm/minPathSum/minPathSum.go:21.31,23.5 1 1
algorithm/minPathSum/minPathSum.go:29.24,30.11 1 1
algorithm/minPathSum/minPathSum.go:33.2,33.10 1 1
algorithm/minPathSum/minPathSum.go:30.11,32.3 1 1
algorithm/minPathSum/minPathSum.go:36.13,44.2 3 0
