mode: set
algorithm/minimumTotal/minimumTotal.go:3.41,4.23 1 1
algorithm/minimumTotal/minimumTotal.go:7.2,8.31 2 1
algorithm/minimumTotal/minimumTotal.go:11.2,15.33 5 1
algorithm/minimumTotal/minimumTotal.go:26.2,26.34 1 1
algorithm/minimumTotal/minimumTotal.go:29.2,29.15 1 1
algorithm/minimumTotal/minimumTotal.go:4.23,6.3 1 0
algorithm/minimumTotal/minimumTotal.go:8.31,10.3 1 1
algorithm/minimumTotal/minimumTotal.go:15.33,16.37 1 1
algorithm/minimumTotal/minimumTotal.go:16.37,17.14 1 1
algorithm/minimumTotal/minimumTotal.go:17.14,19.5 1 1
algorithm/minimumTotal/minimumTotal.go:19.10,19.38 1 1
algorithm/minimumTotal/minimumTotal.go:19.38,21.5 1 1
algorithm/minimumTotal/minimumTotal.go:21.10,23.5 1 1
algorithm/minimumTotal/minimumTotal.go:26.34,28.3 1 1
algorithm/minimumTotal/minimumTotal.go:32.24,33.11 1 1
algorithm/minimumTotal/minimumTotal.go:36.2,36.10 1 1
algorithm/minimumTotal/minimumTotal.go:33.11,35.3 1 1
